<?xml version="1.0" encoding="UTF-8"?>
<!-- Generated by org.testng.reporters.JUnitXMLReporter -->
<testsuite hostname="DESKTOP-74ULC4S" ignored="0" name="Test" tests="2" failures="0" timestamp="2022-08-10T10:40:54 ICT" time="4.278" errors="0">
  <testcase name="test_getAllVideoGames" time="2.551" classname="testCases.TC_postmanschemavalidation3freebeeceptorcom"/>
  <testcase name="test_length" time="1.683" classname="testCases.TC_postmanschemavalidation3freebeeceptorcom"/>
</testsuite> <!-- Test -->
